<?xml version="1.0" encoding="UTF-8"?>
<!-- Generated by org.testng.reporters.JUnitXMLReporter -->
<testsuite ignored="0" hostname="DESKTOP-R4OAK6D" failures="0" tests="16" name="ChromeTest" time="1296.951" errors="0" timestamp="2024-03-19T20:29:41 IST">
  <testcase classname="test.TC000_Brokenlinktest" name="urlbroken" time="45.906"/>
  <testcase classname="test.TC001_Createaccounttest" name="createaccount_test" time="49.408"/>
  <testcase classname="test.TC001_Createaccounttest" name="createaccount_test" time="41.371"/>
  <testcase classname="test.TC001_Createaccounttest" name="createaccount_test" time="100.296"/>
  <testcase classname="test.TC001_Createaccounttest" name="createaccount_test" time="40.668"/>
  <testcase classname="test.TC001_Createaccounttest" name="createaccount_test" time="49.29"/>
  <testcase classname="test.TC002_Signintest" name="testsignin" time="53.429"/>
  <testcase classname="test.TC002_Signintest" name="testsignin" time="75.915"/>
  <testcase classname="test.TC002_Signintest" name="testsignin" time="67.038"/>
  <testcase classname="test.TC002_Signintest" name="testsignin" time="65.221"/>
  <testcase classname="test.TC003_Menunavigatetest" name="navigation" time="191.952"/>
  <testcase classname="test.TC004_Bottomlinktest" name="bottomlink" time="35.185"/>
  <testcase classname="test.TC005_searchaddcart" name="addcart" time="81.362"/>
  <testcase classname="test.TC006_Shopdepartaddcart" name="addcartshop" time="71.883"/>
  <testcase classname="test.TC007_Addcartbybrand" name="addbrandcart" time="72.179"/>
  <testcase classname="test.TC008_Checkouttest" name="payment" time="150.718"/>
</testsuite> <!-- ChromeTest -->
