<?xml version="1.0" encoding="UTF-8"?>
<!-- Generated by org.testng.reporters.JUnitXMLReporter -->
<testsuite ignored="0" hostname="DESKTOP-R4OAK6D" failures="0" tests="16" name="ChromeTest" time="1041.487" errors="0" timestamp="2024-03-19T21:33:07 IST">
  <testcase classname="test.TC000_Brokenlinktest" name="urlbroken" time="38.99"/>
  <testcase classname="test.TC001_Createaccounttest" name="createaccount_test" time="53.394"/>
  <testcase classname="test.TC001_Createaccounttest" name="createaccount_test" time="73.005"/>
  <testcase classname="test.TC001_Createaccounttest" name="createaccount_test" time="53.589"/>
  <testcase classname="test.TC001_Createaccounttest" name="createaccount_test" time="60.677"/>
  <testcase classname="test.TC001_Createaccounttest" name="createaccount_test" time="61.682"/>
  <testcase classname="test.TC002_Signintest" name="testsignin" time="52.908"/>
  <testcase classname="test.TC002_Signintest" name="testsignin" time="27.646"/>
  <testcase classname="test.TC002_Signintest" name="testsignin" time="67.093"/>
  <testcase classname="test.TC002_Signintest" name="testsignin" time="63.176"/>
  <testcase classname="test.TC003_Menunavigatetest" name="navigation" time="88.314"/>
  <testcase classname="test.TC004_Bottomlinktest" name="bottomlink" time="65.53"/>
  <testcase classname="test.TC005_searchaddcart" name="addcart" time="45.791"/>
  <testcase classname="test.TC006_Shopdepartaddcart" name="addcartshop" time="44.833"/>
  <testcase classname="test.TC007_Addcartbybrand" name="addbrandcart" time="66.421"/>
  <testcase classname="test.TC008_Checkouttest" name="payment" time="103.26"/>
</testsuite> <!-- ChromeTest -->
