<?xml version="1.0" encoding="UTF-8"?>
<testng-results ignored="0" total="16" passed="16" failed="0" skipped="0">
  <reporter-output>
  </reporter-output>
  <suite started-at="2024-03-19T21:15:45 IST" name="Suite" finished-at="2024-03-19T21:33:06 IST" duration-ms="1041487">
    <groups>
    </groups>
    <test started-at="2024-03-19T21:15:45 IST" name="ChromeTest" finished-at="2024-03-19T21:33:06 IST" duration-ms="1041487">
      <class name="test.TC002_Signintest">
        <test-method is-config="true" signature="excelfile()[pri:0, instance:test.TC002_Signintest@43f02ef2]" started-at="2024-03-19T21:15:45 IST" name="excelfile" finished-at="2024-03-19T21:15:45 IST" duration-ms="0" status="PASS">
          <reporter-output>
          </reporter-output>
        </test-method> <!-- excelfile -->
        <test-method is-config="true" signature="launchBrowser(java.lang.String,java.lang.String)[pri:0, instance:test.TC002_Signintest@43f02ef2]" started-at="2024-03-19T21:21:59 IST" name="launchBrowser" finished-at="2024-03-19T21:22:02 IST" duration-ms="3504" status="PASS">
          <params>
            <param index="0">
              <value>
                <![CDATA[chrome]]>
              </value>
            </param>
            <param index="1">
              <value>
                <![CDATA[https://www.bestbuy.com/]]>
              </value>
            </param>
          </params>
          <reporter-output>
          </reporter-output>
        </test-method> <!-- launchBrowser -->
        <test-method signature="testsignin(java.lang.String,java.lang.String,java.lang.String)[pri:0, instance:test.TC002_Signintest@43f02ef2]" started-at="2024-03-19T21:22:02 IST" name="testsignin" data-provider="exceldata" finished-at="2024-03-19T21:22:55 IST" duration-ms="52908" status="PASS">
          <params>
            <param index="0">
              <value>
                <![CDATA[ramkumar@gmail.com]]>
              </value>
            </param>
            <param index="1">
              <value>
                <![CDATA[Ramkumar@123]]>
              </value>
            </param>
            <param index="2">
              <value>
                <![CDATA[correct]]>
              </value>
            </param>
          </params>
          <reporter-output>
          </reporter-output>
        </test-method> <!-- testsignin -->
        <test-method is-config="true" signature="browserClose()[pri:0, instance:test.TC002_Signintest@43f02ef2]" started-at="2024-03-19T21:22:55 IST" name="browserClose" finished-at="2024-03-19T21:22:56 IST" duration-ms="343" status="PASS">
          <reporter-output>
          </reporter-output>
        </test-method> <!-- browserClose -->
        <test-method is-config="true" signature="launchBrowser(java.lang.String,java.lang.String)[pri:0, instance:test.TC002_Signintest@43f02ef2]" started-at="2024-03-19T21:22:56 IST" name="launchBrowser" finished-at="2024-03-19T21:22:59 IST" duration-ms="3607" status="PASS">
          <params>
            <param index="0">
              <value>
                <![CDATA[chrome]]>
              </value>
            </param>
            <param index="1">
              <value>
                <![CDATA[https://www.bestbuy.com/]]>
              </value>
            </param>
          </params>
          <reporter-output>
          </reporter-output>
        </test-method> <!-- launchBrowser -->
        <test-method signature="testsignin(java.lang.String,java.lang.String,java.lang.String)[pri:0, instance:test.TC002_Signintest@43f02ef2]" started-at="2024-03-19T21:22:59 IST" name="testsignin" data-provider="exceldata" finished-at="2024-03-19T21:23:27 IST" duration-ms="27646" status="PASS">
          <params>
            <param index="0">
              <value>
                <![CDATA[ramkumar@.com]]>
              </value>
            </param>
            <param index="1">
              <value>
                <![CDATA[Ramkumar@123]]>
              </value>
            </param>
            <param index="2">
              <value>
                <![CDATA[emailwrong]]>
              </value>
            </param>
          </params>
          <reporter-output>
          </reporter-output>
        </test-method> <!-- testsignin -->
        <test-method is-config="true" signature="browserClose()[pri:0, instance:test.TC002_Signintest@43f02ef2]" started-at="2024-03-19T21:23:27 IST" name="browserClose" finished-at="2024-03-19T21:23:27 IST" duration-ms="333" status="PASS">
          <reporter-output>
          </reporter-output>
        </test-method> <!-- browserClose -->
        <test-method is-config="true" signature="launchBrowser(java.lang.String,java.lang.String)[pri:0, instance:test.TC002_Signintest@43f02ef2]" started-at="2024-03-19T21:23:27 IST" name="launchBrowser" finished-at="2024-03-19T21:23:32 IST" duration-ms="4535" status="PASS">
          <params>
            <param index="0">
              <value>
                <![CDATA[chrome]]>
              </value>
            </param>
            <param index="1">
              <value>
                <![CDATA[https://www.bestbuy.com/]]>
              </value>
            </param>
          </params>
          <reporter-output>
          </reporter-output>
        </test-method> <!-- launchBrowser -->
        <test-method signature="testsignin(java.lang.String,java.lang.String,java.lang.String)[pri:0, instance:test.TC002_Signintest@43f02ef2]" started-at="2024-03-19T21:23:32 IST" name="testsignin" data-provider="exceldata" finished-at="2024-03-19T21:24:39 IST" duration-ms="67093" status="PASS">
          <params>
            <param index="0">
              <value>
                <![CDATA[ramkumar@gmail.com]]>
              </value>
            </param>
            <param index="1">
              <value>
                <![CDATA[Ram]]>
              </value>
            </param>
            <param index="2">
              <value>
                <![CDATA[passwordwrong]]>
              </value>
            </param>
          </params>
          <reporter-output>
          </reporter-output>
        </test-method> <!-- testsignin -->
        <test-method is-config="true" signature="browserClose()[pri:0, instance:test.TC002_Signintest@43f02ef2]" started-at="2024-03-19T21:24:39 IST" name="browserClose" finished-at="2024-03-19T21:24:39 IST" duration-ms="358" status="PASS">
          <reporter-output>
          </reporter-output>
        </test-method> <!-- browserClose -->
        <test-method is-config="true" signature="launchBrowser(java.lang.String,java.lang.String)[pri:0, instance:test.TC002_Signintest@43f02ef2]" started-at="2024-03-19T21:24:39 IST" name="launchBrowser" finished-at="2024-03-19T21:24:43 IST" duration-ms="3506" status="PASS">
          <params>
            <param index="0">
              <value>
                <![CDATA[chrome]]>
              </value>
            </param>
            <param index="1">
              <value>
                <![CDATA[https://www.bestbuy.com/]]>
              </value>
            </param>
          </params>
          <reporter-output>
          </reporter-output>
        </test-method> <!-- launchBrowser -->
        <test-method signature="testsignin(java.lang.String,java.lang.String,java.lang.String)[pri:0, instance:test.TC002_Signintest@43f02ef2]" started-at="2024-03-19T21:24:43 IST" name="testsignin" data-provider="exceldata" finished-at="2024-03-19T21:25:46 IST" duration-ms="63176" status="PASS">
          <params>
            <param index="0">
              <value>
                <![CDATA[ramkumar@.com]]>
              </value>
            </param>
            <param index="1">
              <value>
                <![CDATA[Ram]]>
              </value>
            </param>
            <param index="2">
              <value>
                <![CDATA[wrong]]>
              </value>
            </param>
          </params>
          <reporter-output>
          </reporter-output>
        </test-method> <!-- testsignin -->
        <test-method is-config="true" signature="browserClose()[pri:0, instance:test.TC002_Signintest@43f02ef2]" started-at="2024-03-19T21:25:46 IST" name="browserClose" finished-at="2024-03-19T21:25:46 IST" duration-ms="371" status="PASS">
          <reporter-output>
          </reporter-output>
        </test-method> <!-- browserClose -->
      </class> <!-- test.TC002_Signintest -->
      <class name="test.TC000_Brokenlinktest">
        <test-method is-config="true" signature="launchBrowser(java.lang.String,java.lang.String)[pri:0, instance:test.TC000_Brokenlinktest@792b749c]" started-at="2024-03-19T21:15:45 IST" name="launchBrowser" finished-at="2024-03-19T21:15:50 IST" duration-ms="5335" status="PASS">
          <params>
            <param index="0">
              <value>
                <![CDATA[chrome]]>
              </value>
            </param>
            <param index="1">
              <value>
                <![CDATA[https://www.bestbuy.com/]]>
              </value>
            </param>
          </params>
          <reporter-output>
          </reporter-output>
        </test-method> <!-- launchBrowser -->
        <test-method signature="urlbroken()[pri:0, instance:test.TC000_Brokenlinktest@792b749c]" started-at="2024-03-19T21:15:50 IST" name="urlbroken" finished-at="2024-03-19T21:16:29 IST" duration-ms="38990" status="PASS">
          <reporter-output>
          </reporter-output>
        </test-method> <!-- urlbroken -->
        <test-method is-config="true" signature="browserClose()[pri:0, instance:test.TC000_Brokenlinktest@792b749c]" started-at="2024-03-19T21:16:29 IST" name="browserClose" finished-at="2024-03-19T21:16:29 IST" duration-ms="295" status="PASS">
          <reporter-output>
          </reporter-output>
        </test-method> <!-- browserClose -->
      </class> <!-- test.TC000_Brokenlinktest -->
      <class name="test.TC006_Shopdepartaddcart">
        <test-method is-config="true" signature="launchBrowser(java.lang.String,java.lang.String)[pri:0, instance:test.TC006_Shopdepartaddcart@2de56eb2]" started-at="2024-03-19T21:29:18 IST" name="launchBrowser" finished-at="2024-03-19T21:29:21 IST" duration-ms="3009" status="PASS">
          <params>
            <param index="0">
              <value>
                <![CDATA[chrome]]>
              </value>
            </param>
            <param index="1">
              <value>
                <![CDATA[https://www.bestbuy.com/]]>
              </value>
            </param>
          </params>
          <reporter-output>
          </reporter-output>
        </test-method> <!-- launchBrowser -->
        <test-method signature="addcartshop()[pri:0, instance:test.TC006_Shopdepartaddcart@2de56eb2]" started-at="2024-03-19T21:29:21 IST" name="addcartshop" finished-at="2024-03-19T21:30:06 IST" duration-ms="44833" status="PASS">
          <reporter-output>
          </reporter-output>
        </test-method> <!-- addcartshop -->
        <test-method is-config="true" signature="browserClose()[pri:0, instance:test.TC006_Shopdepartaddcart@2de56eb2]" started-at="2024-03-19T21:30:06 IST" name="browserClose" finished-at="2024-03-19T21:30:06 IST" duration-ms="541" status="PASS">
          <reporter-output>
          </reporter-output>
        </test-method> <!-- browserClose -->
      </class> <!-- test.TC006_Shopdepartaddcart -->
      <class name="test.TC007_Addcartbybrand">
        <test-method is-config="true" signature="launchBrowser(java.lang.String,java.lang.String)[pri:0, instance:test.TC007_Addcartbybrand@5f8e8a9d]" started-at="2024-03-19T21:30:06 IST" name="launchBrowser" finished-at="2024-03-19T21:30:11 IST" duration-ms="4881" status="PASS">
          <params>
            <param index="0">
              <value>
                <![CDATA[chrome]]>
              </value>
            </param>
            <param index="1">
              <value>
                <![CDATA[https://www.bestbuy.com/]]>
              </value>
            </param>
          </params>
          <reporter-output>
          </reporter-output>
        </test-method> <!-- launchBrowser -->
        <test-method signature="addbrandcart()[pri:0, instance:test.TC007_Addcartbybrand@5f8e8a9d]" started-at="2024-03-19T21:30:11 IST" name="addbrandcart" finished-at="2024-03-19T21:31:17 IST" duration-ms="66421" status="PASS">
          <reporter-output>
          </reporter-output>
        </test-method> <!-- addbrandcart -->
        <test-method is-config="true" signature="browserClose()[pri:0, instance:test.TC007_Addcartbybrand@5f8e8a9d]" started-at="2024-03-19T21:31:17 IST" name="browserClose" finished-at="2024-03-19T21:31:18 IST" duration-ms="602" status="PASS">
          <reporter-output>
          </reporter-output>
        </test-method> <!-- browserClose -->
      </class> <!-- test.TC007_Addcartbybrand -->
      <class name="test.TC005_searchaddcart">
        <test-method is-config="true" signature="launchBrowser(java.lang.String,java.lang.String)[pri:0, instance:test.TC005_searchaddcart@6f204a1a]" started-at="2024-03-19T21:28:28 IST" name="launchBrowser" finished-at="2024-03-19T21:28:31 IST" duration-ms="3622" status="PASS">
          <params>
            <param index="0">
              <value>
                <![CDATA[chrome]]>
              </value>
            </param>
            <param index="1">
              <value>
                <![CDATA[https://www.bestbuy.com/]]>
              </value>
            </param>
          </params>
          <reporter-output>
          </reporter-output>
        </test-method> <!-- launchBrowser -->
        <test-method signature="addcart()[pri:0, instance:test.TC005_searchaddcart@6f204a1a]" started-at="2024-03-19T21:28:31 IST" name="addcart" finished-at="2024-03-19T21:29:17 IST" duration-ms="45791" status="PASS">
          <reporter-output>
          </reporter-output>
        </test-method> <!-- addcart -->
        <test-method is-config="true" signature="browserClose()[pri:0, instance:test.TC005_searchaddcart@6f204a1a]" started-at="2024-03-19T21:29:17 IST" name="browserClose" finished-at="2024-03-19T21:29:18 IST" duration-ms="547" status="PASS">
          <reporter-output>
          </reporter-output>
        </test-method> <!-- browserClose -->
      </class> <!-- test.TC005_searchaddcart -->
      <class name="test.TC003_Menunavigatetest">
        <test-method is-config="true" signature="launchBrowser(java.lang.String,java.lang.String)[pri:0, instance:test.TC003_Menunavigatetest@239a307b]" started-at="2024-03-19T21:25:46 IST" name="launchBrowser" finished-at="2024-03-19T21:25:50 IST" duration-ms="3782" status="PASS">
          <params>
            <param index="0">
              <value>
                <![CDATA[chrome]]>
              </value>
            </param>
            <param index="1">
              <value>
                <![CDATA[https://www.bestbuy.com/]]>
              </value>
            </param>
          </params>
          <reporter-output>
          </reporter-output>
        </test-method> <!-- launchBrowser -->
        <test-method signature="navigation()[pri:0, instance:test.TC003_Menunavigatetest@239a307b]" started-at="2024-03-19T21:25:50 IST" name="navigation" finished-at="2024-03-19T21:27:18 IST" duration-ms="88314" status="PASS">
          <reporter-output>
          </reporter-output>
        </test-method> <!-- navigation -->
        <test-method is-config="true" signature="browserClose()[pri:0, instance:test.TC003_Menunavigatetest@239a307b]" started-at="2024-03-19T21:27:18 IST" name="browserClose" finished-at="2024-03-19T21:27:19 IST" duration-ms="411" status="PASS">
          <reporter-output>
          </reporter-output>
        </test-method> <!-- browserClose -->
      </class> <!-- test.TC003_Menunavigatetest -->
      <class name="test.TC008_Checkouttest">
        <test-method is-config="true" signature="launchBrowser(java.lang.String,java.lang.String)[pri:0, instance:test.TC008_Checkouttest@5745ca0e]" started-at="2024-03-19T21:31:18 IST" name="launchBrowser" finished-at="2024-03-19T21:31:22 IST" duration-ms="4404" status="PASS">
          <params>
            <param index="0">
              <value>
                <![CDATA[chrome]]>
              </value>
            </param>
            <param index="1">
              <value>
                <![CDATA[https://www.bestbuy.com/]]>
              </value>
            </param>
          </params>
          <reporter-output>
          </reporter-output>
        </test-method> <!-- launchBrowser -->
        <test-method signature="payment()[pri:0, instance:test.TC008_Checkouttest@5745ca0e]" started-at="2024-03-19T21:31:22 IST" name="payment" finished-at="2024-03-19T21:33:06 IST" duration-ms="103260" status="PASS">
          <reporter-output>
          </reporter-output>
        </test-method> <!-- payment -->
        <test-method is-config="true" signature="browserClose()[pri:0, instance:test.TC008_Checkouttest@5745ca0e]" started-at="2024-03-19T21:33:06 IST" name="browserClose" finished-at="2024-03-19T21:33:06 IST" duration-ms="509" status="PASS">
          <reporter-output>
          </reporter-output>
        </test-method> <!-- browserClose -->
      </class> <!-- test.TC008_Checkouttest -->
      <class name="test.TC004_Bottomlinktest">
        <test-method is-config="true" signature="launchBrowser(java.lang.String,java.lang.String)[pri:0, instance:test.TC004_Bottomlinktest@2a8448fa]" started-at="2024-03-19T21:27:19 IST" name="launchBrowser" finished-at="2024-03-19T21:27:22 IST" duration-ms="3045" status="PASS">
          <params>
            <param index="0">
              <value>
                <![CDATA[chrome]]>
              </value>
            </param>
            <param index="1">
              <value>
                <![CDATA[https://www.bestbuy.com/]]>
              </value>
            </param>
          </params>
          <reporter-output>
          </reporter-output>
        </test-method> <!-- launchBrowser -->
        <test-method signature="bottomlink()[pri:0, instance:test.TC004_Bottomlinktest@2a8448fa]" started-at="2024-03-19T21:27:22 IST" name="bottomlink" finished-at="2024-03-19T21:28:27 IST" duration-ms="65530" status="PASS">
          <reporter-output>
          </reporter-output>
        </test-method> <!-- bottomlink -->
        <test-method is-config="true" signature="browserClose()[pri:0, instance:test.TC004_Bottomlinktest@2a8448fa]" started-at="2024-03-19T21:28:27 IST" name="browserClose" finished-at="2024-03-19T21:28:28 IST" duration-ms="372" status="PASS">
          <reporter-output>
          </reporter-output>
        </test-method> <!-- browserClose -->
      </class> <!-- test.TC004_Bottomlinktest -->
      <class name="test.TC001_Createaccounttest">
        <test-method is-config="true" signature="testdataFile()[pri:0, instance:test.TC001_Createaccounttest@7bd7d6d6]" started-at="2024-03-19T21:15:45 IST" name="testdataFile" finished-at="2024-03-19T21:15:45 IST" duration-ms="16" status="PASS">
          <reporter-output>
          </reporter-output>
        </test-method> <!-- testdataFile -->
        <test-method is-config="true" signature="launchBrowser(java.lang.String,java.lang.String)[pri:0, instance:test.TC001_Createaccounttest@7bd7d6d6]" started-at="2024-03-19T21:16:30 IST" name="launchBrowser" finished-at="2024-03-19T21:16:34 IST" duration-ms="3410" status="PASS">
          <params>
            <param index="0">
              <value>
                <![CDATA[chrome]]>
              </value>
            </param>
            <param index="1">
              <value>
                <![CDATA[https://www.bestbuy.com/]]>
              </value>
            </param>
          </params>
          <reporter-output>
          </reporter-output>
        </test-method> <!-- launchBrowser -->
        <test-method signature="createaccount_test(java.lang.String,java.lang.String,java.lang.String,java.lang.String,java.lang.String,java.lang.String,java.lang.String)[pri:0, instance:test.TC001_Createaccounttest@7bd7d6d6]" started-at="2024-03-19T21:16:34 IST" name="createaccount_test" data-provider="exceldata" finished-at="2024-03-19T21:17:27 IST" duration-ms="53394" status="PASS">
          <params>
            <param index="0">
              <value>
                <![CDATA[Ram]]>
              </value>
            </param>
            <param index="1">
              <value>
                <![CDATA[Kumar]]>
              </value>
            </param>
            <param index="2">
              <value>
                <![CDATA[ramkumar@gmail.com]]>
              </value>
            </param>
            <param index="3">
              <value>
                <![CDATA[Ramkumar@123]]>
              </value>
            </param>
            <param index="4">
              <value>
                <![CDATA[Ramkumar@123]]>
              </value>
            </param>
            <param index="5">
              <value>
                <![CDATA[6543989784]]>
              </value>
            </param>
            <param index="6">
              <value>
                <![CDATA[correct]]>
              </value>
            </param>
          </params>
          <reporter-output>
          </reporter-output>
        </test-method> <!-- createaccount_test -->
        <test-method is-config="true" signature="browserClose()[pri:0, instance:test.TC001_Createaccounttest@7bd7d6d6]" started-at="2024-03-19T21:17:27 IST" name="browserClose" finished-at="2024-03-19T21:17:28 IST" duration-ms="437" status="PASS">
          <reporter-output>
          </reporter-output>
        </test-method> <!-- browserClose -->
        <test-method is-config="true" signature="launchBrowser(java.lang.String,java.lang.String)[pri:0, instance:test.TC001_Createaccounttest@7bd7d6d6]" started-at="2024-03-19T21:17:28 IST" name="launchBrowser" finished-at="2024-03-19T21:17:31 IST" duration-ms="3130" status="PASS">
          <params>
            <param index="0">
              <value>
                <![CDATA[chrome]]>
              </value>
            </param>
            <param index="1">
              <value>
                <![CDATA[https://www.bestbuy.com/]]>
              </value>
            </param>
          </params>
          <reporter-output>
          </reporter-output>
        </test-method> <!-- launchBrowser -->
        <test-method signature="createaccount_test(java.lang.String,java.lang.String,java.lang.String,java.lang.String,java.lang.String,java.lang.String,java.lang.String)[pri:0, instance:test.TC001_Createaccounttest@7bd7d6d6]" started-at="2024-03-19T21:17:31 IST" name="createaccount_test" data-provider="exceldata" finished-at="2024-03-19T21:18:44 IST" duration-ms="73005" status="PASS">
          <params>
            <param index="0">
              <value>
                <![CDATA[Ram]]>
              </value>
            </param>
            <param index="1">
              <value>
                <![CDATA[Kumar]]>
              </value>
            </param>
            <param index="2">
              <value>
                <![CDATA[ramkumar.com]]>
              </value>
            </param>
            <param index="3">
              <value>
                <![CDATA[Ramkumar@123]]>
              </value>
            </param>
            <param index="4">
              <value>
                <![CDATA[Ramkumar@123]]>
              </value>
            </param>
            <param index="5">
              <value>
                <![CDATA[6543989784]]>
              </value>
            </param>
            <param index="6">
              <value>
                <![CDATA[emailwrong]]>
              </value>
            </param>
          </params>
          <reporter-output>
          </reporter-output>
        </test-method> <!-- createaccount_test -->
        <test-method is-config="true" signature="browserClose()[pri:0, instance:test.TC001_Createaccounttest@7bd7d6d6]" started-at="2024-03-19T21:18:44 IST" name="browserClose" finished-at="2024-03-19T21:18:44 IST" duration-ms="412" status="PASS">
          <reporter-output>
          </reporter-output>
        </test-method> <!-- browserClose -->
        <test-method is-config="true" signature="launchBrowser(java.lang.String,java.lang.String)[pri:0, instance:test.TC001_Createaccounttest@7bd7d6d6]" started-at="2024-03-19T21:18:44 IST" name="launchBrowser" finished-at="2024-03-19T21:18:50 IST" duration-ms="5899" status="PASS">
          <params>
            <param index="0">
              <value>
                <![CDATA[chrome]]>
              </value>
            </param>
            <param index="1">
              <value>
                <![CDATA[https://www.bestbuy.com/]]>
              </value>
            </param>
          </params>
          <reporter-output>
          </reporter-output>
        </test-method> <!-- launchBrowser -->
        <test-method signature="createaccount_test(java.lang.String,java.lang.String,java.lang.String,java.lang.String,java.lang.String,java.lang.String,java.lang.String)[pri:0, instance:test.TC001_Createaccounttest@7bd7d6d6]" started-at="2024-03-19T21:18:50 IST" name="createaccount_test" data-provider="exceldata" finished-at="2024-03-19T21:19:44 IST" duration-ms="53589" status="PASS">
          <params>
            <param index="0">
              <value>
                <![CDATA[Ram]]>
              </value>
            </param>
            <param index="1">
              <value>
                <![CDATA[Kumar]]>
              </value>
            </param>
            <param index="2">
              <value>
                <![CDATA[ramkumar@gmail.com]]>
              </value>
            </param>
            <param index="3">
              <value>
                <![CDATA[Ramkumar]]>
              </value>
            </param>
            <param index="4">
              <value>
                <![CDATA[Ramkumar@123]]>
              </value>
            </param>
            <param index="5">
              <value>
                <![CDATA[6543989784]]>
              </value>
            </param>
            <param index="6">
              <value>
                <![CDATA[passwordwrong]]>
              </value>
            </param>
          </params>
          <reporter-output>
          </reporter-output>
        </test-method> <!-- createaccount_test -->
        <test-method is-config="true" signature="browserClose()[pri:0, instance:test.TC001_Createaccounttest@7bd7d6d6]" started-at="2024-03-19T21:19:44 IST" name="browserClose" finished-at="2024-03-19T21:19:44 IST" duration-ms="436" status="PASS">
          <reporter-output>
          </reporter-output>
        </test-method> <!-- browserClose -->
        <test-method is-config="true" signature="launchBrowser(java.lang.String,java.lang.String)[pri:0, instance:test.TC001_Createaccounttest@7bd7d6d6]" started-at="2024-03-19T21:19:44 IST" name="launchBrowser" finished-at="2024-03-19T21:19:51 IST" duration-ms="7359" status="PASS">
          <params>
            <param index="0">
              <value>
                <![CDATA[chrome]]>
              </value>
            </param>
            <param index="1">
              <value>
                <![CDATA[https://www.bestbuy.com/]]>
              </value>
            </param>
          </params>
          <reporter-output>
          </reporter-output>
        </test-method> <!-- launchBrowser -->
        <test-method signature="createaccount_test(java.lang.String,java.lang.String,java.lang.String,java.lang.String,java.lang.String,java.lang.String,java.lang.String)[pri:0, instance:test.TC001_Createaccounttest@7bd7d6d6]" started-at="2024-03-19T21:19:51 IST" name="createaccount_test" data-provider="exceldata" finished-at="2024-03-19T21:20:52 IST" duration-ms="60677" status="PASS">
          <params>
            <param index="0">
              <value>
                <![CDATA[Ram]]>
              </value>
            </param>
            <param index="1">
              <value>
                <![CDATA[Kumar]]>
              </value>
            </param>
            <param index="2">
              <value>
                <![CDATA[ramkumar@gmail.com]]>
              </value>
            </param>
            <param index="3">
              <value>
                <![CDATA[Ramkumar@123]]>
              </value>
            </param>
            <param index="4">
              <value>
                <![CDATA[Ramkumar@]]>
              </value>
            </param>
            <param index="5">
              <value>
                <![CDATA[6543989784]]>
              </value>
            </param>
            <param index="6">
              <value>
                <![CDATA[confirmpasswordwrong]]>
              </value>
            </param>
          </params>
          <reporter-output>
          </reporter-output>
        </test-method> <!-- createaccount_test -->
        <test-method is-config="true" signature="browserClose()[pri:0, instance:test.TC001_Createaccounttest@7bd7d6d6]" started-at="2024-03-19T21:20:52 IST" name="browserClose" finished-at="2024-03-19T21:20:52 IST" duration-ms="411" status="PASS">
          <reporter-output>
          </reporter-output>
        </test-method> <!-- browserClose -->
        <test-method is-config="true" signature="launchBrowser(java.lang.String,java.lang.String)[pri:0, instance:test.TC001_Createaccounttest@7bd7d6d6]" started-at="2024-03-19T21:20:52 IST" name="launchBrowser" finished-at="2024-03-19T21:20:57 IST" duration-ms="4188" status="PASS">
          <params>
            <param index="0">
              <value>
                <![CDATA[chrome]]>
              </value>
            </param>
            <param index="1">
              <value>
                <![CDATA[https://www.bestbuy.com/]]>
              </value>
            </param>
          </params>
          <reporter-output>
          </reporter-output>
        </test-method> <!-- launchBrowser -->
        <test-method signature="createaccount_test(java.lang.String,java.lang.String,java.lang.String,java.lang.String,java.lang.String,java.lang.String,java.lang.String)[pri:0, instance:test.TC001_Createaccounttest@7bd7d6d6]" started-at="2024-03-19T21:20:57 IST" name="createaccount_test" data-provider="exceldata" finished-at="2024-03-19T21:21:58 IST" duration-ms="61682" status="PASS">
          <params>
            <param index="0">
              <value>
                <![CDATA[Ram]]>
              </value>
            </param>
            <param index="1">
              <value>
                <![CDATA[Kumar]]>
              </value>
            </param>
            <param index="2">
              <value>
                <![CDATA[ramkumar@gmail.com]]>
              </value>
            </param>
            <param index="3">
              <value>
                <![CDATA[Ramkumar@123]]>
              </value>
            </param>
            <param index="4">
              <value>
                <![CDATA[Ramkumar@123]]>
              </value>
            </param>
            <param index="5">
              <value>
                <![CDATA[65439897]]>
              </value>
            </param>
            <param index="6">
              <value>
                <![CDATA[phonenumberwrong]]>
              </value>
            </param>
          </params>
          <reporter-output>
          </reporter-output>
        </test-method> <!-- createaccount_test -->
        <test-method is-config="true" signature="browserClose()[pri:0, instance:test.TC001_Createaccounttest@7bd7d6d6]" started-at="2024-03-19T21:21:58 IST" name="browserClose" finished-at="2024-03-19T21:21:59 IST" duration-ms="538" status="PASS">
          <reporter-output>
          </reporter-output>
        </test-method> <!-- browserClose -->
      </class> <!-- test.TC001_Createaccounttest -->
    </test> <!-- ChromeTest -->
  </suite> <!-- Suite -->
</testng-results>
