<?xml version="1.0" encoding="UTF-8"?>
<testng-results ignored="0" total="16" passed="16" failed="0" skipped="0">
  <reporter-output>
  </reporter-output>
  <suite started-at="2024-03-19T20:08:04 IST" name="Suite" finished-at="2024-03-19T20:29:41 IST" duration-ms="1296951">
    <groups>
    </groups>
    <test started-at="2024-03-19T20:08:04 IST" name="ChromeTest" finished-at="2024-03-19T20:29:41 IST" duration-ms="1296951">
      <class name="test.TC002_Signintest">
        <test-method is-config="true" signature="excelfile()[pri:0, instance:test.TC002_Signintest@6b09fb41]" started-at="2024-03-19T20:08:04 IST" name="excelfile" finished-at="2024-03-19T20:08:04 IST" duration-ms="0" status="PASS">
          <reporter-output>
          </reporter-output>
        </test-method> <!-- excelfile -->
        <test-method is-config="true" signature="launchBrowser(java.lang.String,java.lang.String)[pri:0, instance:test.TC002_Signintest@6b09fb41]" started-at="2024-03-19T20:14:10 IST" name="launchBrowser" finished-at="2024-03-19T20:14:15 IST" duration-ms="4912" status="PASS">
          <params>
            <param index="0">
              <value>
                <![CDATA[chrome]]>
              </value>
            </param>
            <param index="1">
              <value>
                <![CDATA[https://www.bestbuy.com/]]>
              </value>
            </param>
          </params>
          <reporter-output>
          </reporter-output>
        </test-method> <!-- launchBrowser -->
        <test-method signature="testsignin(java.lang.String,java.lang.String,java.lang.String)[pri:0, instance:test.TC002_Signintest@6b09fb41]" started-at="2024-03-19T20:14:15 IST" name="testsignin" data-provider="exceldata" finished-at="2024-03-19T20:15:08 IST" duration-ms="53429" status="PASS">
          <params>
            <param index="0">
              <value>
                <![CDATA[ramkumar@gmail.com]]>
              </value>
            </param>
            <param index="1">
              <value>
                <![CDATA[Ramkumar@123]]>
              </value>
            </param>
            <param index="2">
              <value>
                <![CDATA[correct]]>
              </value>
            </param>
          </params>
          <reporter-output>
          </reporter-output>
        </test-method> <!-- testsignin -->
        <test-method is-config="true" signature="browserClose()[pri:0, instance:test.TC002_Signintest@6b09fb41]" started-at="2024-03-19T20:15:08 IST" name="browserClose" finished-at="2024-03-19T20:15:09 IST" duration-ms="619" status="PASS">
          <reporter-output>
          </reporter-output>
        </test-method> <!-- browserClose -->
        <test-method is-config="true" signature="launchBrowser(java.lang.String,java.lang.String)[pri:0, instance:test.TC002_Signintest@6b09fb41]" started-at="2024-03-19T20:15:09 IST" name="launchBrowser" finished-at="2024-03-19T20:15:14 IST" duration-ms="4850" status="PASS">
          <params>
            <param index="0">
              <value>
                <![CDATA[chrome]]>
              </value>
            </param>
            <param index="1">
              <value>
                <![CDATA[https://www.bestbuy.com/]]>
              </value>
            </param>
          </params>
          <reporter-output>
          </reporter-output>
        </test-method> <!-- launchBrowser -->
        <test-method signature="testsignin(java.lang.String,java.lang.String,java.lang.String)[pri:0, instance:test.TC002_Signintest@6b09fb41]" started-at="2024-03-19T20:15:14 IST" name="testsignin" data-provider="exceldata" finished-at="2024-03-19T20:16:30 IST" duration-ms="75915" status="PASS">
          <params>
            <param index="0">
              <value>
                <![CDATA[ramkumar@.com]]>
              </value>
            </param>
            <param index="1">
              <value>
                <![CDATA[Ramkumar@123]]>
              </value>
            </param>
            <param index="2">
              <value>
                <![CDATA[emailwrong]]>
              </value>
            </param>
          </params>
          <reporter-output>
          </reporter-output>
        </test-method> <!-- testsignin -->
        <test-method is-config="true" signature="browserClose()[pri:0, instance:test.TC002_Signintest@6b09fb41]" started-at="2024-03-19T20:16:30 IST" name="browserClose" finished-at="2024-03-19T20:16:30 IST" duration-ms="511" status="PASS">
          <reporter-output>
          </reporter-output>
        </test-method> <!-- browserClose -->
        <test-method is-config="true" signature="launchBrowser(java.lang.String,java.lang.String)[pri:0, instance:test.TC002_Signintest@6b09fb41]" started-at="2024-03-19T20:16:30 IST" name="launchBrowser" finished-at="2024-03-19T20:16:43 IST" duration-ms="12689" status="PASS">
          <params>
            <param index="0">
              <value>
                <![CDATA[chrome]]>
              </value>
            </param>
            <param index="1">
              <value>
                <![CDATA[https://www.bestbuy.com/]]>
              </value>
            </param>
          </params>
          <reporter-output>
          </reporter-output>
        </test-method> <!-- launchBrowser -->
        <test-method signature="testsignin(java.lang.String,java.lang.String,java.lang.String)[pri:0, instance:test.TC002_Signintest@6b09fb41]" started-at="2024-03-19T20:16:43 IST" name="testsignin" data-provider="exceldata" finished-at="2024-03-19T20:17:50 IST" duration-ms="67038" status="PASS">
          <params>
            <param index="0">
              <value>
                <![CDATA[ramkumar@gmail.com]]>
              </value>
            </param>
            <param index="1">
              <value>
                <![CDATA[Ram]]>
              </value>
            </param>
            <param index="2">
              <value>
                <![CDATA[passwordwrong]]>
              </value>
            </param>
          </params>
          <reporter-output>
          </reporter-output>
        </test-method> <!-- testsignin -->
        <test-method is-config="true" signature="browserClose()[pri:0, instance:test.TC002_Signintest@6b09fb41]" started-at="2024-03-19T20:17:50 IST" name="browserClose" finished-at="2024-03-19T20:17:50 IST" duration-ms="431" status="PASS">
          <reporter-output>
          </reporter-output>
        </test-method> <!-- browserClose -->
        <test-method is-config="true" signature="launchBrowser(java.lang.String,java.lang.String)[pri:0, instance:test.TC002_Signintest@6b09fb41]" started-at="2024-03-19T20:17:50 IST" name="launchBrowser" finished-at="2024-03-19T20:17:57 IST" duration-ms="6485" status="PASS">
          <params>
            <param index="0">
              <value>
                <![CDATA[chrome]]>
              </value>
            </param>
            <param index="1">
              <value>
                <![CDATA[https://www.bestbuy.com/]]>
              </value>
            </param>
          </params>
          <reporter-output>
          </reporter-output>
        </test-method> <!-- launchBrowser -->
        <test-method signature="testsignin(java.lang.String,java.lang.String,java.lang.String)[pri:0, instance:test.TC002_Signintest@6b09fb41]" started-at="2024-03-19T20:17:57 IST" name="testsignin" data-provider="exceldata" finished-at="2024-03-19T20:19:02 IST" duration-ms="65221" status="PASS">
          <params>
            <param index="0">
              <value>
                <![CDATA[ramkumar@.com]]>
              </value>
            </param>
            <param index="1">
              <value>
                <![CDATA[Ram]]>
              </value>
            </param>
            <param index="2">
              <value>
                <![CDATA[wrong]]>
              </value>
            </param>
          </params>
          <reporter-output>
          </reporter-output>
        </test-method> <!-- testsignin -->
        <test-method is-config="true" signature="browserClose()[pri:0, instance:test.TC002_Signintest@6b09fb41]" started-at="2024-03-19T20:19:02 IST" name="browserClose" finished-at="2024-03-19T20:19:03 IST" duration-ms="589" status="PASS">
          <reporter-output>
          </reporter-output>
        </test-method> <!-- browserClose -->
      </class> <!-- test.TC002_Signintest -->
      <class name="test.TC000_Brokenlinktest">
        <test-method is-config="true" signature="launchBrowser(java.lang.String,java.lang.String)[pri:0, instance:test.TC000_Brokenlinktest@eadd4fb]" started-at="2024-03-19T20:08:04 IST" name="launchBrowser" finished-at="2024-03-19T20:08:10 IST" duration-ms="5846" status="PASS">
          <params>
            <param index="0">
              <value>
                <![CDATA[chrome]]>
              </value>
            </param>
            <param index="1">
              <value>
                <![CDATA[https://www.bestbuy.com/]]>
              </value>
            </param>
          </params>
          <reporter-output>
          </reporter-output>
        </test-method> <!-- launchBrowser -->
        <test-method signature="urlbroken()[pri:0, instance:test.TC000_Brokenlinktest@eadd4fb]" started-at="2024-03-19T20:08:10 IST" name="urlbroken" finished-at="2024-03-19T20:08:56 IST" duration-ms="45906" status="PASS">
          <reporter-output>
          </reporter-output>
        </test-method> <!-- urlbroken -->
        <test-method is-config="true" signature="browserClose()[pri:0, instance:test.TC000_Brokenlinktest@eadd4fb]" started-at="2024-03-19T20:08:56 IST" name="browserClose" finished-at="2024-03-19T20:08:57 IST" duration-ms="421" status="PASS">
          <reporter-output>
          </reporter-output>
        </test-method> <!-- browserClose -->
      </class> <!-- test.TC000_Brokenlinktest -->
      <class name="test.TC006_Shopdepartaddcart">
        <test-method is-config="true" signature="launchBrowser(java.lang.String,java.lang.String)[pri:0, instance:test.TC006_Shopdepartaddcart@23f5b5dc]" started-at="2024-03-19T20:24:27 IST" name="launchBrowser" finished-at="2024-03-19T20:24:33 IST" duration-ms="6143" status="PASS">
          <params>
            <param index="0">
              <value>
                <![CDATA[chrome]]>
              </value>
            </param>
            <param index="1">
              <value>
                <![CDATA[https://www.bestbuy.com/]]>
              </value>
            </param>
          </params>
          <reporter-output>
          </reporter-output>
        </test-method> <!-- launchBrowser -->
        <test-method signature="addcartshop()[pri:0, instance:test.TC006_Shopdepartaddcart@23f5b5dc]" started-at="2024-03-19T20:24:33 IST" name="addcartshop" finished-at="2024-03-19T20:25:45 IST" duration-ms="71883" status="PASS">
          <reporter-output>
          </reporter-output>
        </test-method> <!-- addcartshop -->
        <test-method is-config="true" signature="browserClose()[pri:0, instance:test.TC006_Shopdepartaddcart@23f5b5dc]" started-at="2024-03-19T20:25:45 IST" name="browserClose" finished-at="2024-03-19T20:25:46 IST" duration-ms="960" status="PASS">
          <reporter-output>
          </reporter-output>
        </test-method> <!-- browserClose -->
      </class> <!-- test.TC006_Shopdepartaddcart -->
      <class name="test.TC007_Addcartbybrand">
        <test-method is-config="true" signature="launchBrowser(java.lang.String,java.lang.String)[pri:0, instance:test.TC007_Addcartbybrand@821330f]" started-at="2024-03-19T20:25:46 IST" name="launchBrowser" finished-at="2024-03-19T20:25:52 IST" duration-ms="6098" status="PASS">
          <params>
            <param index="0">
              <value>
                <![CDATA[chrome]]>
              </value>
            </param>
            <param index="1">
              <value>
                <![CDATA[https://www.bestbuy.com/]]>
              </value>
            </param>
          </params>
          <reporter-output>
          </reporter-output>
        </test-method> <!-- launchBrowser -->
        <test-method signature="addbrandcart()[pri:0, instance:test.TC007_Addcartbybrand@821330f]" started-at="2024-03-19T20:25:52 IST" name="addbrandcart" finished-at="2024-03-19T20:27:04 IST" duration-ms="72179" status="PASS">
          <reporter-output>
          </reporter-output>
        </test-method> <!-- addbrandcart -->
        <test-method is-config="true" signature="browserClose()[pri:0, instance:test.TC007_Addcartbybrand@821330f]" started-at="2024-03-19T20:27:04 IST" name="browserClose" finished-at="2024-03-19T20:27:05 IST" duration-ms="861" status="PASS">
          <reporter-output>
          </reporter-output>
        </test-method> <!-- browserClose -->
      </class> <!-- test.TC007_Addcartbybrand -->
      <class name="test.TC003_Menunavigatetest">
        <test-method is-config="true" signature="launchBrowser(java.lang.String,java.lang.String)[pri:0, instance:test.TC003_Menunavigatetest@624ea235]" started-at="2024-03-19T20:19:03 IST" name="launchBrowser" finished-at="2024-03-19T20:19:07 IST" duration-ms="4283" status="PASS">
          <params>
            <param index="0">
              <value>
                <![CDATA[chrome]]>
              </value>
            </param>
            <param index="1">
              <value>
                <![CDATA[https://www.bestbuy.com/]]>
              </value>
            </param>
          </params>
          <reporter-output>
          </reporter-output>
        </test-method> <!-- launchBrowser -->
        <test-method signature="navigation()[pri:0, instance:test.TC003_Menunavigatetest@624ea235]" started-at="2024-03-19T20:19:07 IST" name="navigation" finished-at="2024-03-19T20:22:19 IST" duration-ms="191952" status="PASS">
          <reporter-output>
          </reporter-output>
        </test-method> <!-- navigation -->
        <test-method is-config="true" signature="browserClose()[pri:0, instance:test.TC003_Menunavigatetest@624ea235]" started-at="2024-03-19T20:22:19 IST" name="browserClose" finished-at="2024-03-19T20:22:20 IST" duration-ms="725" status="PASS">
          <reporter-output>
          </reporter-output>
        </test-method> <!-- browserClose -->
      </class> <!-- test.TC003_Menunavigatetest -->
      <class name="test.TC005_searchaddcart">
        <test-method is-config="true" signature="launchBrowser(java.lang.String,java.lang.String)[pri:0, instance:test.TC005_searchaddcart@782859e]" started-at="2024-03-19T20:23:01 IST" name="launchBrowser" finished-at="2024-03-19T20:23:05 IST" duration-ms="3701" status="PASS">
          <params>
            <param index="0">
              <value>
                <![CDATA[chrome]]>
              </value>
            </param>
            <param index="1">
              <value>
                <![CDATA[https://www.bestbuy.com/]]>
              </value>
            </param>
          </params>
          <reporter-output>
          </reporter-output>
        </test-method> <!-- launchBrowser -->
        <test-method signature="addcart()[pri:0, instance:test.TC005_searchaddcart@782859e]" started-at="2024-03-19T20:23:05 IST" name="addcart" finished-at="2024-03-19T20:24:26 IST" duration-ms="81362" status="PASS">
          <reporter-output>
          </reporter-output>
        </test-method> <!-- addcart -->
        <test-method is-config="true" signature="browserClose()[pri:0, instance:test.TC005_searchaddcart@782859e]" started-at="2024-03-19T20:24:26 IST" name="browserClose" finished-at="2024-03-19T20:24:27 IST" duration-ms="879" status="PASS">
          <reporter-output>
          </reporter-output>
        </test-method> <!-- browserClose -->
      </class> <!-- test.TC005_searchaddcart -->
      <class name="test.TC008_Checkouttest">
        <test-method is-config="true" signature="launchBrowser(java.lang.String,java.lang.String)[pri:0, instance:test.TC008_Checkouttest@6f43c82]" started-at="2024-03-19T20:27:05 IST" name="launchBrowser" finished-at="2024-03-19T20:27:10 IST" duration-ms="4663" status="PASS">
          <params>
            <param index="0">
              <value>
                <![CDATA[chrome]]>
              </value>
            </param>
            <param index="1">
              <value>
                <![CDATA[https://www.bestbuy.com/]]>
              </value>
            </param>
          </params>
          <reporter-output>
          </reporter-output>
        </test-method> <!-- launchBrowser -->
        <test-method signature="payment()[pri:0, instance:test.TC008_Checkouttest@6f43c82]" started-at="2024-03-19T20:27:10 IST" name="payment" finished-at="2024-03-19T20:29:41 IST" duration-ms="150718" status="PASS">
          <reporter-output>
          </reporter-output>
        </test-method> <!-- payment -->
        <test-method is-config="true" signature="browserClose()[pri:0, instance:test.TC008_Checkouttest@6f43c82]" started-at="2024-03-19T20:29:41 IST" name="browserClose" finished-at="2024-03-19T20:29:41 IST" duration-ms="637" status="PASS">
          <reporter-output>
          </reporter-output>
        </test-method> <!-- browserClose -->
      </class> <!-- test.TC008_Checkouttest -->
      <class name="test.TC004_Bottomlinktest">
        <test-method is-config="true" signature="launchBrowser(java.lang.String,java.lang.String)[pri:0, instance:test.TC004_Bottomlinktest@3932c79a]" started-at="2024-03-19T20:22:20 IST" name="launchBrowser" finished-at="2024-03-19T20:22:25 IST" duration-ms="5781" status="PASS">
          <params>
            <param index="0">
              <value>
                <![CDATA[chrome]]>
              </value>
            </param>
            <param index="1">
              <value>
                <![CDATA[https://www.bestbuy.com/]]>
              </value>
            </param>
          </params>
          <reporter-output>
          </reporter-output>
        </test-method> <!-- launchBrowser -->
        <test-method signature="bottomlink()[pri:0, instance:test.TC004_Bottomlinktest@3932c79a]" started-at="2024-03-19T20:22:25 IST" name="bottomlink" finished-at="2024-03-19T20:23:00 IST" duration-ms="35185" status="PASS">
          <reporter-output>
          </reporter-output>
        </test-method> <!-- bottomlink -->
        <test-method is-config="true" signature="browserClose()[pri:0, instance:test.TC004_Bottomlinktest@3932c79a]" started-at="2024-03-19T20:23:00 IST" name="browserClose" finished-at="2024-03-19T20:23:01 IST" duration-ms="685" status="PASS">
          <reporter-output>
          </reporter-output>
        </test-method> <!-- browserClose -->
      </class> <!-- test.TC004_Bottomlinktest -->
      <class name="test.TC001_Createaccounttest">
        <test-method is-config="true" signature="testdataFile()[pri:0, instance:test.TC001_Createaccounttest@16150369]" started-at="2024-03-19T20:08:04 IST" name="testdataFile" finished-at="2024-03-19T20:08:04 IST" duration-ms="13" status="PASS">
          <reporter-output>
          </reporter-output>
        </test-method> <!-- testdataFile -->
        <test-method is-config="true" signature="launchBrowser(java.lang.String,java.lang.String)[pri:0, instance:test.TC001_Createaccounttest@16150369]" started-at="2024-03-19T20:08:58 IST" name="launchBrowser" finished-at="2024-03-19T20:09:04 IST" duration-ms="5431" status="PASS">
          <params>
            <param index="0">
              <value>
                <![CDATA[chrome]]>
              </value>
            </param>
            <param index="1">
              <value>
                <![CDATA[https://www.bestbuy.com/]]>
              </value>
            </param>
          </params>
          <reporter-output>
          </reporter-output>
        </test-method> <!-- launchBrowser -->
        <test-method signature="createaccount_test(java.lang.String,java.lang.String,java.lang.String,java.lang.String,java.lang.String,java.lang.String,java.lang.String)[pri:0, instance:test.TC001_Createaccounttest@16150369]" started-at="2024-03-19T20:09:04 IST" name="createaccount_test" data-provider="exceldata" finished-at="2024-03-19T20:09:53 IST" duration-ms="49408" status="PASS">
          <params>
            <param index="0">
              <value>
                <![CDATA[Ram]]>
              </value>
            </param>
            <param index="1">
              <value>
                <![CDATA[Kumar]]>
              </value>
            </param>
            <param index="2">
              <value>
                <![CDATA[ramkumar@gmail.com]]>
              </value>
            </param>
            <param index="3">
              <value>
                <![CDATA[Ramkumar@123]]>
              </value>
            </param>
            <param index="4">
              <value>
                <![CDATA[Ramkumar@123]]>
              </value>
            </param>
            <param index="5">
              <value>
                <![CDATA[6543989784]]>
              </value>
            </param>
            <param index="6">
              <value>
                <![CDATA[correct]]>
              </value>
            </param>
          </params>
          <reporter-output>
          </reporter-output>
        </test-method> <!-- createaccount_test -->
        <test-method is-config="true" signature="browserClose()[pri:0, instance:test.TC001_Createaccounttest@16150369]" started-at="2024-03-19T20:09:53 IST" name="browserClose" finished-at="2024-03-19T20:09:54 IST" duration-ms="508" status="PASS">
          <reporter-output>
          </reporter-output>
        </test-method> <!-- browserClose -->
        <test-method is-config="true" signature="launchBrowser(java.lang.String,java.lang.String)[pri:0, instance:test.TC001_Createaccounttest@16150369]" started-at="2024-03-19T20:09:54 IST" name="launchBrowser" finished-at="2024-03-19T20:09:59 IST" duration-ms="5701" status="PASS">
          <params>
            <param index="0">
              <value>
                <![CDATA[chrome]]>
              </value>
            </param>
            <param index="1">
              <value>
                <![CDATA[https://www.bestbuy.com/]]>
              </value>
            </param>
          </params>
          <reporter-output>
          </reporter-output>
        </test-method> <!-- launchBrowser -->
        <test-method signature="createaccount_test(java.lang.String,java.lang.String,java.lang.String,java.lang.String,java.lang.String,java.lang.String,java.lang.String)[pri:0, instance:test.TC001_Createaccounttest@16150369]" started-at="2024-03-19T20:09:59 IST" name="createaccount_test" data-provider="exceldata" finished-at="2024-03-19T20:10:41 IST" duration-ms="41371" status="PASS">
          <params>
            <param index="0">
              <value>
                <![CDATA[Ram]]>
              </value>
            </param>
            <param index="1">
              <value>
                <![CDATA[Kumar]]>
              </value>
            </param>
            <param index="2">
              <value>
                <![CDATA[ramkumar.com]]>
              </value>
            </param>
            <param index="3">
              <value>
                <![CDATA[Ramkumar@123]]>
              </value>
            </param>
            <param index="4">
              <value>
                <![CDATA[Ramkumar@123]]>
              </value>
            </param>
            <param index="5">
              <value>
                <![CDATA[6543989784]]>
              </value>
            </param>
            <param index="6">
              <value>
                <![CDATA[emailwrong]]>
              </value>
            </param>
          </params>
          <reporter-output>
          </reporter-output>
        </test-method> <!-- createaccount_test -->
        <test-method is-config="true" signature="browserClose()[pri:0, instance:test.TC001_Createaccounttest@16150369]" started-at="2024-03-19T20:10:41 IST" name="browserClose" finished-at="2024-03-19T20:10:41 IST" duration-ms="514" status="PASS">
          <reporter-output>
          </reporter-output>
        </test-method> <!-- browserClose -->
        <test-method is-config="true" signature="launchBrowser(java.lang.String,java.lang.String)[pri:0, instance:test.TC001_Createaccounttest@16150369]" started-at="2024-03-19T20:10:41 IST" name="launchBrowser" finished-at="2024-03-19T20:10:48 IST" duration-ms="7189" status="PASS">
          <params>
            <param index="0">
              <value>
                <![CDATA[chrome]]>
              </value>
            </param>
            <param index="1">
              <value>
                <![CDATA[https://www.bestbuy.com/]]>
              </value>
            </param>
          </params>
          <reporter-output>
          </reporter-output>
        </test-method> <!-- launchBrowser -->
        <test-method signature="createaccount_test(java.lang.String,java.lang.String,java.lang.String,java.lang.String,java.lang.String,java.lang.String,java.lang.String)[pri:0, instance:test.TC001_Createaccounttest@16150369]" started-at="2024-03-19T20:10:48 IST" name="createaccount_test" data-provider="exceldata" finished-at="2024-03-19T20:12:29 IST" duration-ms="100296" status="PASS">
          <params>
            <param index="0">
              <value>
                <![CDATA[Ram]]>
              </value>
            </param>
            <param index="1">
              <value>
                <![CDATA[Kumar]]>
              </value>
            </param>
            <param index="2">
              <value>
                <![CDATA[ramkumar@gmail.com]]>
              </value>
            </param>
            <param index="3">
              <value>
                <![CDATA[Ramkumar]]>
              </value>
            </param>
            <param index="4">
              <value>
                <![CDATA[Ramkumar@123]]>
              </value>
            </param>
            <param index="5">
              <value>
                <![CDATA[6543989784]]>
              </value>
            </param>
            <param index="6">
              <value>
                <![CDATA[passwordwrong]]>
              </value>
            </param>
          </params>
          <reporter-output>
          </reporter-output>
        </test-method> <!-- createaccount_test -->
        <test-method is-config="true" signature="browserClose()[pri:0, instance:test.TC001_Createaccounttest@16150369]" started-at="2024-03-19T20:12:29 IST" name="browserClose" finished-at="2024-03-19T20:12:29 IST" duration-ms="565" status="PASS">
          <reporter-output>
          </reporter-output>
        </test-method> <!-- browserClose -->
        <test-method is-config="true" signature="launchBrowser(java.lang.String,java.lang.String)[pri:0, instance:test.TC001_Createaccounttest@16150369]" started-at="2024-03-19T20:12:29 IST" name="launchBrowser" finished-at="2024-03-19T20:12:34 IST" duration-ms="5175" status="PASS">
          <params>
            <param index="0">
              <value>
                <![CDATA[chrome]]>
              </value>
            </param>
            <param index="1">
              <value>
                <![CDATA[https://www.bestbuy.com/]]>
              </value>
            </param>
          </params>
          <reporter-output>
          </reporter-output>
        </test-method> <!-- launchBrowser -->
        <test-method signature="createaccount_test(java.lang.String,java.lang.String,java.lang.String,java.lang.String,java.lang.String,java.lang.String,java.lang.String)[pri:0, instance:test.TC001_Createaccounttest@16150369]" started-at="2024-03-19T20:12:34 IST" name="createaccount_test" data-provider="exceldata" finished-at="2024-03-19T20:13:15 IST" duration-ms="40668" status="PASS">
          <params>
            <param index="0">
              <value>
                <![CDATA[Ram]]>
              </value>
            </param>
            <param index="1">
              <value>
                <![CDATA[Kumar]]>
              </value>
            </param>
            <param index="2">
              <value>
                <![CDATA[ramkumar@gmail.com]]>
              </value>
            </param>
            <param index="3">
              <value>
                <![CDATA[Ramkumar@123]]>
              </value>
            </param>
            <param index="4">
              <value>
                <![CDATA[Ramkumar@]]>
              </value>
            </param>
            <param index="5">
              <value>
                <![CDATA[6543989784]]>
              </value>
            </param>
            <param index="6">
              <value>
                <![CDATA[confirmpasswordwrong]]>
              </value>
            </param>
          </params>
          <reporter-output>
          </reporter-output>
        </test-method> <!-- createaccount_test -->
        <test-method is-config="true" signature="browserClose()[pri:0, instance:test.TC001_Createaccounttest@16150369]" started-at="2024-03-19T20:13:15 IST" name="browserClose" finished-at="2024-03-19T20:13:16 IST" duration-ms="503" status="PASS">
          <reporter-output>
          </reporter-output>
        </test-method> <!-- browserClose -->
        <test-method is-config="true" signature="launchBrowser(java.lang.String,java.lang.String)[pri:0, instance:test.TC001_Createaccounttest@16150369]" started-at="2024-03-19T20:13:16 IST" name="launchBrowser" finished-at="2024-03-19T20:13:20 IST" duration-ms="4412" status="PASS">
          <params>
            <param index="0">
              <value>
                <![CDATA[chrome]]>
              </value>
            </param>
            <param index="1">
              <value>
                <![CDATA[https://www.bestbuy.com/]]>
              </value>
            </param>
          </params>
          <reporter-output>
          </reporter-output>
        </test-method> <!-- launchBrowser -->
        <test-method signature="createaccount_test(java.lang.String,java.lang.String,java.lang.String,java.lang.String,java.lang.String,java.lang.String,java.lang.String)[pri:0, instance:test.TC001_Createaccounttest@16150369]" started-at="2024-03-19T20:13:20 IST" name="createaccount_test" data-provider="exceldata" finished-at="2024-03-19T20:14:09 IST" duration-ms="49290" status="PASS">
          <params>
            <param index="0">
              <value>
                <![CDATA[Ram]]>
              </value>
            </param>
            <param index="1">
              <value>
                <![CDATA[Kumar]]>
              </value>
            </param>
            <param index="2">
              <value>
                <![CDATA[ramkumar@gmail.com]]>
              </value>
            </param>
            <param index="3">
              <value>
                <![CDATA[Ramkumar@123]]>
              </value>
            </param>
            <param index="4">
              <value>
                <![CDATA[Ramkumar@123]]>
              </value>
            </param>
            <param index="5">
              <value>
                <![CDATA[65439897]]>
              </value>
            </param>
            <param index="6">
              <value>
                <![CDATA[phonenumberwrong]]>
              </value>
            </param>
          </params>
          <reporter-output>
          </reporter-output>
        </test-method> <!-- createaccount_test -->
        <test-method is-config="true" signature="browserClose()[pri:0, instance:test.TC001_Createaccounttest@16150369]" started-at="2024-03-19T20:14:09 IST" name="browserClose" finished-at="2024-03-19T20:14:10 IST" duration-ms="523" status="PASS">
          <reporter-output>
          </reporter-output>
        </test-method> <!-- browserClose -->
      </class> <!-- test.TC001_Createaccounttest -->
    </test> <!-- ChromeTest -->
  </suite> <!-- Suite -->
</testng-results>
